<?xml version="1.0" encoding="UTF-8"?>
<!-- Generated by org.testng.reporters.JUnitReportReporter -->
<testsuite hostname="BLR2-5CG1327HQ2" failures="0" tests="1" name="BaseClass.test" time="6.709" errors="0" timestamp="2023-05-01T12:45:59 IST" skipped="0">
  <testcase classname="BaseClass.test" name="mhi" time="6.709"/>
  <system-out/>
</testsuite> <!-- BaseClass.test -->
