<?xml version="1.0" encoding="UTF-8"?>
<!-- Generated by org.testng.reporters.JUnitReportReporter -->
<testsuite hostname="BLR2-5CG1327HQ2" failures="0" tests="1" name="Test.TestCase" time="10.415" errors="0" timestamp="2023-05-27T13:22:20 IST" skipped="0">
  <testcase classname="Test.TestCase" name="run" time="10.415"/>
  <system-out/>
</testsuite> <!-- Test.TestCase -->
